<?xml version="1.0" encoding="UTF-8"?>
<coverage generated="1575464241098" clover="3.2.0">
  <project timestamp="1575464241098" name="All files">
    <metrics statements="39" coveredstatements="39" conditionals="19" coveredconditionals="19" methods="5" coveredmethods="5" elements="63" coveredelements="63" complexity="0" loc="39" ncloc="39" packages="1" files="1" classes="1"/>
    <file name="index.js" path="/home/oskang09/Documents/digdata/index.js">
      <metrics statements="39" coveredstatements="39" conditionals="19" coveredconditionals="19" methods="5" coveredmethods="5"/>
      <line num="1" count="1" type="stmt"/>
      <line num="8" count="1" type="cond" truecount="1" falsecount="0"/>
      <line num="9" count="22" type="cond" truecount="2" falsecount="0"/>
      <line num="10" count="1" type="stmt"/>
      <line num="13" count="21" type="cond" truecount="2" falsecount="0"/>
      <line num="15" count="2" type="cond" truecount="2" falsecount="0"/>
      <line num="16" count="1" type="stmt"/>
      <line num="17" count="2" type="stmt"/>
      <line num="21" count="1" type="stmt"/>
      <line num="22" count="1" type="stmt"/>
      <line num="23" count="1" type="stmt"/>
      <line num="24" count="1" type="stmt"/>
      <line num="26" count="1" type="stmt"/>
      <line num="29" count="19" type="stmt"/>
      <line num="30" count="19" type="stmt"/>
      <line num="31" count="19" type="stmt"/>
      <line num="32" count="31" type="stmt"/>
      <line num="34" count="31" type="cond" truecount="2" falsecount="0"/>
      <line num="35" count="2" type="stmt"/>
      <line num="36" count="2" type="stmt"/>
      <line num="37" count="2" type="stmt"/>
      <line num="38" count="4" type="stmt"/>
      <line num="40" count="2" type="stmt"/>
      <line num="42" count="29" type="cond" truecount="2" falsecount="0"/>
      <line num="43" count="3" type="stmt"/>
      <line num="44" count="3" type="stmt"/>
      <line num="45" count="3" type="stmt"/>
      <line num="46" count="3" type="stmt"/>
      <line num="47" count="6" type="cond" truecount="2" falsecount="0"/>
      <line num="50" count="26" type="cond" truecount="2" falsecount="0"/>
      <line num="51" count="2" type="stmt"/>
      <line num="52" count="2" type="stmt"/>
      <line num="53" count="4" type="stmt"/>
      <line num="57" count="24" type="stmt"/>
      <line num="60" count="31" type="cond" truecount="4" falsecount="0"/>
      <line num="61" count="2" type="stmt"/>
      <line num="64" count="17" type="stmt"/>
      <line num="67" count="1" type="stmt"/>
      <line num="70" count="1" type="stmt"/>
    </file>
  </project>
</coverage>
