<?xml version="1.0" encoding="UTF-8"?>
<coverage generated="1585550893455" clover="3.2.0">
  <project timestamp="1585550893456" name="All files">
    <metrics statements="60" coveredstatements="60" conditionals="34" coveredconditionals="32" methods="6" coveredmethods="6" elements="100" coveredelements="98" complexity="0" loc="60" ncloc="60" packages="1" files="1" classes="1"/>
    <file name="index.js" path="/home/oskadev/Documents/digdata/index.js">
      <metrics statements="60" coveredstatements="60" conditionals="34" coveredconditionals="32" methods="6" coveredmethods="6"/>
      <line num="1" count="1" type="stmt"/>
      <line num="9" count="1" type="stmt"/>
      <line num="11" count="1" type="cond" truecount="2" falsecount="0"/>
      <line num="12" count="41" type="cond" truecount="4" falsecount="0"/>
      <line num="13" count="1" type="stmt"/>
      <line num="16" count="40" type="cond" truecount="2" falsecount="0"/>
      <line num="18" count="2" type="cond" truecount="2" falsecount="0"/>
      <line num="19" count="1" type="stmt"/>
      <line num="20" count="2" type="stmt"/>
      <line num="24" count="1" type="stmt"/>
      <line num="25" count="1" type="stmt"/>
      <line num="26" count="1" type="stmt"/>
      <line num="27" count="1" type="stmt"/>
      <line num="29" count="1" type="stmt"/>
      <line num="32" count="38" type="stmt"/>
      <line num="33" count="38" type="stmt"/>
      <line num="34" count="38" type="stmt"/>
      <line num="35" count="53" type="stmt"/>
      <line num="37" count="53" type="cond" truecount="2" falsecount="0"/>
      <line num="38" count="1" type="stmt"/>
      <line num="39" count="1" type="stmt"/>
      <line num="40" count="1" type="stmt"/>
      <line num="41" count="2" type="stmt"/>
      <line num="42" count="2" type="cond" truecount="2" falsecount="0"/>
      <line num="43" count="1" type="stmt"/>
      <line num="46" count="1" type="stmt"/>
      <line num="47" count="52" type="cond" truecount="2" falsecount="0"/>
      <line num="48" count="4" type="stmt"/>
      <line num="49" count="4" type="stmt"/>
      <line num="50" count="4" type="stmt"/>
      <line num="51" count="8" type="stmt"/>
      <line num="53" count="4" type="stmt"/>
      <line num="54" count="48" type="cond" truecount="2" falsecount="0"/>
      <line num="55" count="3" type="stmt"/>
      <line num="56" count="3" type="stmt"/>
      <line num="57" count="3" type="stmt"/>
      <line num="58" count="3" type="stmt"/>
      <line num="59" count="6" type="cond" truecount="2" falsecount="0"/>
      <line num="61" count="45" type="cond" truecount="2" falsecount="0"/>
      <line num="62" count="4" type="stmt"/>
      <line num="63" count="4" type="stmt"/>
      <line num="64" count="8" type="stmt"/>
      <line num="68" count="41" type="cond" truecount="2" falsecount="0"/>
      <line num="69" count="6" type="stmt"/>
      <line num="70" count="6" type="stmt"/>
      <line num="71" count="6" type="stmt"/>
      <line num="72" count="6" type="cond" truecount="2" falsecount="0"/>
      <line num="73" count="4" type="stmt"/>
      <line num="76" count="6" type="stmt"/>
      <line num="78" count="35" type="stmt"/>
      <line num="82" count="53" type="cond" truecount="4" falsecount="0"/>
      <line num="83" count="5" type="stmt"/>
      <line num="86" count="33" type="stmt"/>
      <line num="89" count="1" type="stmt"/>
      <line num="92" count="2" type="stmt"/>
      <line num="95" count="1" type="stmt"/>
      <line num="99" count="1" type="cond" truecount="1" falsecount="1"/>
      <line num="100" count="1" type="stmt"/>
      <line num="103" count="1" type="cond" truecount="1" falsecount="1"/>
      <line num="104" count="1" type="stmt"/>
    </file>
  </project>
</coverage>
