{"/home/oskang09/Documents/digdata/index.js": {"path":"/home/oskang09/Documents/digdata/index.js","statementMap":{"0":{"start":{"line":1,"column":11},"end":{"line":8,"column":1}},"1":{"start":{"line":10,"column":19},"end":{"line":10,"column":37}},"2":{"start":{"line":12,"column":12},"end":{"line":102,"column":1}},"3":{"start":{"line":13,"column":4},"end":{"line":15,"column":5}},"4":{"start":{"line":14,"column":8},"end":{"line":14,"column":20}},"5":{"start":{"line":17,"column":4},"end":{"line":31,"column":5}},"6":{"start":{"line":19,"column":8},"end":{"line":23,"column":9}},"7":{"start":{"line":20,"column":12},"end":{"line":22,"column":14}},"8":{"start":{"line":21,"column":28},"end":{"line":21,"column":47}},"9":{"start":{"line":25,"column":21},"end":{"line":25,"column":43}},"10":{"start":{"line":26,"column":23},"end":{"line":26,"column":25}},"11":{"start":{"line":27,"column":8},"end":{"line":29,"column":9}},"12":{"start":{"line":28,"column":12},"end":{"line":28,"column":54}},"13":{"start":{"line":30,"column":8},"end":{"line":30,"column":22}},"14":{"start":{"line":33,"column":17},"end":{"line":33,"column":23}},"15":{"start":{"line":34,"column":15},"end":{"line":34,"column":49}},"16":{"start":{"line":35,"column":4},"end":{"line":100,"column":5}},"17":{"start":{"line":35,"column":21},"end":{"line":35,"column":22}},"18":{"start":{"line":36,"column":25},"end":{"line":36,"column":36}},"19":{"start":{"line":38,"column":8},"end":{"line":95,"column":9}},"20":{"start":{"line":39,"column":26},"end":{"line":39,"column":35}},"21":{"start":{"line":40,"column":26},"end":{"line":40,"column":35}},"22":{"start":{"line":41,"column":12},"end":{"line":51,"column":13}},"23":{"start":{"line":43,"column":20},"end":{"line":49,"column":22}},"24":{"start":{"line":44,"column":47},"end":{"line":48,"column":47}},"25":{"start":{"line":50,"column":20},"end":{"line":50,"column":26}},"26":{"start":{"line":53,"column":13},"end":{"line":95,"column":9}},"27":{"start":{"line":54,"column":31},"end":{"line":54,"column":65}},"28":{"start":{"line":55,"column":24},"end":{"line":55,"column":37}},"29":{"start":{"line":56,"column":26},"end":{"line":56,"column":49}},"30":{"start":{"line":57,"column":12},"end":{"line":61,"column":13}},"31":{"start":{"line":58,"column":16},"end":{"line":58,"column":78}},"32":{"start":{"line":58,"column":44},"end":{"line":58,"column":76}},"33":{"start":{"line":60,"column":16},"end":{"line":60,"column":61}},"34":{"start":{"line":63,"column":13},"end":{"line":95,"column":9}},"35":{"start":{"line":64,"column":31},"end":{"line":64,"column":66}},"36":{"start":{"line":65,"column":24},"end":{"line":65,"column":37}},"37":{"start":{"line":66,"column":26},"end":{"line":66,"column":49}},"38":{"start":{"line":67,"column":12},"end":{"line":71,"column":13}},"39":{"start":{"line":68,"column":16},"end":{"line":68,"column":78}},"40":{"start":{"line":68,"column":44},"end":{"line":68,"column":76}},"41":{"start":{"line":70,"column":16},"end":{"line":70,"column":61}},"42":{"start":{"line":73,"column":13},"end":{"line":95,"column":9}},"43":{"start":{"line":74,"column":25},"end":{"line":74,"column":54}},"44":{"start":{"line":75,"column":27},"end":{"line":75,"column":29}},"45":{"start":{"line":76,"column":12},"end":{"line":78,"column":13}},"46":{"start":{"line":77,"column":16},"end":{"line":77,"column":47}},"47":{"start":{"line":79,"column":12},"end":{"line":79,"column":28}},"48":{"start":{"line":81,"column":13},"end":{"line":95,"column":9}},"49":{"start":{"line":82,"column":31},"end":{"line":82,"column":60}},"50":{"start":{"line":83,"column":24},"end":{"line":83,"column":37}},"51":{"start":{"line":84,"column":26},"end":{"line":84,"column":39}},"52":{"start":{"line":85,"column":12},"end":{"line":85,"column":76}},"53":{"start":{"line":85,"column":40},"end":{"line":85,"column":74}},"54":{"start":{"line":87,"column":13},"end":{"line":95,"column":9}},"55":{"start":{"line":88,"column":12},"end":{"line":88,"column":23}},"56":{"start":{"line":89,"column":12},"end":{"line":91,"column":14}},"57":{"start":{"line":90,"column":23},"end":{"line":90,"column":51}},"58":{"start":{"line":94,"column":12},"end":{"line":94,"column":38}},"59":{"start":{"line":97,"column":8},"end":{"line":99,"column":9}},"60":{"start":{"line":98,"column":12},"end":{"line":98,"column":24}},"61":{"start":{"line":101,"column":4},"end":{"line":101,"column":18}},"62":{"start":{"line":104,"column":0},"end":{"line":109,"column":2}},"63":{"start":{"line":107,"column":8},"end":{"line":107,"column":37}}},"fnMap":{"0":{"name":"(anonymous_0)","decl":{"start":{"line":12,"column":12},"end":{"line":12,"column":13}},"loc":{"start":{"line":12,"column":57},"end":{"line":102,"column":1}},"line":12},"1":{"name":"(anonymous_1)","decl":{"start":{"line":21,"column":16},"end":{"line":21,"column":17}},"loc":{"start":{"line":21,"column":28},"end":{"line":21,"column":47}},"line":21},"2":{"name":"(anonymous_2)","decl":{"start":{"line":44,"column":24},"end":{"line":44,"column":25}},"loc":{"start":{"line":44,"column":47},"end":{"line":48,"column":47}},"line":44},"3":{"name":"(anonymous_3)","decl":{"start":{"line":58,"column":37},"end":{"line":58,"column":38}},"loc":{"start":{"line":58,"column":44},"end":{"line":58,"column":76}},"line":58},"4":{"name":"(anonymous_4)","decl":{"start":{"line":68,"column":37},"end":{"line":68,"column":38}},"loc":{"start":{"line":68,"column":44},"end":{"line":68,"column":76}},"line":68},"5":{"name":"(anonymous_5)","decl":{"start":{"line":85,"column":33},"end":{"line":85,"column":34}},"loc":{"start":{"line":85,"column":40},"end":{"line":85,"column":74}},"line":85},"6":{"name":"(anonymous_6)","decl":{"start":{"line":90,"column":16},"end":{"line":90,"column":17}},"loc":{"start":{"line":90,"column":23},"end":{"line":90,"column":51}},"line":90},"7":{"name":"(anonymous_7)","decl":{"start":{"line":106,"column":16},"end":{"line":106,"column":17}},"loc":{"start":{"line":106,"column":35},"end":{"line":108,"column":5}},"line":106}},"branchMap":{"0":{"loc":{"start":{"line":12,"column":41},"end":{"line":12,"column":55}},"type":"default-arg","locations":[{"start":{"line":12,"column":51},"end":{"line":12,"column":55}}],"line":12},"1":{"loc":{"start":{"line":13,"column":4},"end":{"line":15,"column":5}},"type":"if","locations":[{"start":{"line":13,"column":4},"end":{"line":15,"column":5}},{"start":{"line":13,"column":4},"end":{"line":15,"column":5}}],"line":13},"2":{"loc":{"start":{"line":17,"column":4},"end":{"line":31,"column":5}},"type":"if","locations":[{"start":{"line":17,"column":4},"end":{"line":31,"column":5}},{"start":{"line":17,"column":4},"end":{"line":31,"column":5}}],"line":17},"3":{"loc":{"start":{"line":19,"column":8},"end":{"line":23,"column":9}},"type":"if","locations":[{"start":{"line":19,"column":8},"end":{"line":23,"column":9}},{"start":{"line":19,"column":8},"end":{"line":23,"column":9}}],"line":19},"4":{"loc":{"start":{"line":38,"column":8},"end":{"line":95,"column":9}},"type":"if","locations":[{"start":{"line":38,"column":8},"end":{"line":95,"column":9}},{"start":{"line":38,"column":8},"end":{"line":95,"column":9}}],"line":38},"5":{"loc":{"start":{"line":41,"column":12},"end":{"line":51,"column":13}},"type":"switch","locations":[{"start":{"line":42,"column":16},"end":{"line":50,"column":26}}],"line":41},"6":{"loc":{"start":{"line":45,"column":28},"end":{"line":47,"column":50}},"type":"cond-expr","locations":[{"start":{"line":46,"column":30},"end":{"line":46,"column":38}},{"start":{"line":47,"column":30},"end":{"line":47,"column":50}}],"line":45},"7":{"loc":{"start":{"line":53,"column":13},"end":{"line":95,"column":9}},"type":"if","locations":[{"start":{"line":53,"column":13},"end":{"line":95,"column":9}},{"start":{"line":53,"column":13},"end":{"line":95,"column":9}}],"line":53},"8":{"loc":{"start":{"line":57,"column":12},"end":{"line":61,"column":13}},"type":"if","locations":[{"start":{"line":57,"column":12},"end":{"line":61,"column":13}},{"start":{"line":57,"column":12},"end":{"line":61,"column":13}}],"line":57},"9":{"loc":{"start":{"line":58,"column":44},"end":{"line":58,"column":76}},"type":"cond-expr","locations":[{"start":{"line":58,"column":50},"end":{"line":58,"column":64}},{"start":{"line":58,"column":67},"end":{"line":58,"column":76}}],"line":58},"10":{"loc":{"start":{"line":60,"column":23},"end":{"line":60,"column":60}},"type":"cond-expr","locations":[{"start":{"line":60,"column":45},"end":{"line":60,"column":56}},{"start":{"line":60,"column":59},"end":{"line":60,"column":60}}],"line":60},"11":{"loc":{"start":{"line":63,"column":13},"end":{"line":95,"column":9}},"type":"if","locations":[{"start":{"line":63,"column":13},"end":{"line":95,"column":9}},{"start":{"line":63,"column":13},"end":{"line":95,"column":9}}],"line":63},"12":{"loc":{"start":{"line":67,"column":12},"end":{"line":71,"column":13}},"type":"if","locations":[{"start":{"line":67,"column":12},"end":{"line":71,"column":13}},{"start":{"line":67,"column":12},"end":{"line":71,"column":13}}],"line":67},"13":{"loc":{"start":{"line":68,"column":44},"end":{"line":68,"column":76}},"type":"cond-expr","locations":[{"start":{"line":68,"column":50},"end":{"line":68,"column":64}},{"start":{"line":68,"column":67},"end":{"line":68,"column":76}}],"line":68},"14":{"loc":{"start":{"line":70,"column":23},"end":{"line":70,"column":60}},"type":"cond-expr","locations":[{"start":{"line":70,"column":45},"end":{"line":70,"column":56}},{"start":{"line":70,"column":59},"end":{"line":70,"column":60}}],"line":70},"15":{"loc":{"start":{"line":73,"column":13},"end":{"line":95,"column":9}},"type":"if","locations":[{"start":{"line":73,"column":13},"end":{"line":95,"column":9}},{"start":{"line":73,"column":13},"end":{"line":95,"column":9}}],"line":73},"16":{"loc":{"start":{"line":81,"column":13},"end":{"line":95,"column":9}},"type":"if","locations":[{"start":{"line":81,"column":13},"end":{"line":95,"column":9}},{"start":{"line":81,"column":13},"end":{"line":95,"column":9}}],"line":81},"17":{"loc":{"start":{"line":85,"column":40},"end":{"line":85,"column":74}},"type":"cond-expr","locations":[{"start":{"line":85,"column":46},"end":{"line":85,"column":61}},{"start":{"line":85,"column":64},"end":{"line":85,"column":74}}],"line":85},"18":{"loc":{"start":{"line":87,"column":13},"end":{"line":95,"column":9}},"type":"if","locations":[{"start":{"line":87,"column":13},"end":{"line":95,"column":9}},{"start":{"line":87,"column":13},"end":{"line":95,"column":9}}],"line":87},"19":{"loc":{"start":{"line":97,"column":8},"end":{"line":99,"column":9}},"type":"if","locations":[{"start":{"line":97,"column":8},"end":{"line":99,"column":9}},{"start":{"line":97,"column":8},"end":{"line":99,"column":9}}],"line":97}},"s":{"0":1,"1":1,"2":1,"3":36,"4":1,"5":35,"6":2,"7":1,"8":2,"9":1,"10":1,"11":1,"12":1,"13":1,"14":33,"15":33,"16":33,"17":33,"18":55,"19":55,"20":2,"21":2,"22":2,"23":2,"24":2,"25":2,"26":53,"27":4,"28":4,"29":4,"30":4,"31":2,"32":4,"33":2,"34":49,"35":4,"36":4,"37":4,"38":4,"39":2,"40":2,"41":2,"42":45,"43":2,"44":2,"45":2,"46":4,"47":2,"48":43,"49":3,"50":3,"51":3,"52":3,"53":6,"54":40,"55":2,"56":2,"57":4,"58":38,"59":51,"60":2,"61":27,"62":1,"63":1},"f":{"0":36,"1":2,"2":2,"3":4,"4":2,"5":6,"6":4,"7":1},"b":{"0":[36],"1":[1,35],"2":[2,33],"3":[1,1],"4":[2,53],"5":[2],"6":[0,2],"7":[4,49],"8":[2,2],"9":[2,2],"10":[1,1],"11":[4,45],"12":[2,2],"13":[1,1],"14":[1,1],"15":[2,43],"16":[3,40],"17":[3,3],"18":[2,38],"19":[2,49]},"_coverageSchema":"43e27e138ebf9cfc5966b082cf9a028302ed4184","hash":"bd45eb7e29a37197abb324c757b269a2640fd911"}
}
