{"/home/oskadev/Documents/digdata/index.js": {"path":"/home/oskadev/Documents/digdata/index.js","statementMap":{"0":{"start":{"line":1,"column":11},"end":{"line":7,"column":1}},"1":{"start":{"line":9,"column":12},"end":{"line":76,"column":1}},"2":{"start":{"line":10,"column":4},"end":{"line":12,"column":5}},"3":{"start":{"line":11,"column":8},"end":{"line":11,"column":20}},"4":{"start":{"line":14,"column":4},"end":{"line":28,"column":5}},"5":{"start":{"line":16,"column":8},"end":{"line":20,"column":9}},"6":{"start":{"line":17,"column":12},"end":{"line":19,"column":14}},"7":{"start":{"line":18,"column":28},"end":{"line":18,"column":47}},"8":{"start":{"line":22,"column":21},"end":{"line":22,"column":43}},"9":{"start":{"line":23,"column":23},"end":{"line":23,"column":25}},"10":{"start":{"line":24,"column":8},"end":{"line":26,"column":9}},"11":{"start":{"line":25,"column":12},"end":{"line":25,"column":54}},"12":{"start":{"line":27,"column":8},"end":{"line":27,"column":22}},"13":{"start":{"line":30,"column":17},"end":{"line":30,"column":23}},"14":{"start":{"line":31,"column":15},"end":{"line":31,"column":49}},"15":{"start":{"line":32,"column":4},"end":{"line":74,"column":5}},"16":{"start":{"line":32,"column":21},"end":{"line":32,"column":22}},"17":{"start":{"line":33,"column":25},"end":{"line":33,"column":36}},"18":{"start":{"line":35,"column":8},"end":{"line":69,"column":9}},"19":{"start":{"line":36,"column":25},"end":{"line":36,"column":53}},"20":{"start":{"line":37,"column":25},"end":{"line":37,"column":29}},"21":{"start":{"line":38,"column":12},"end":{"line":43,"column":13}},"22":{"start":{"line":39,"column":16},"end":{"line":39,"column":42}},"23":{"start":{"line":40,"column":16},"end":{"line":42,"column":17}},"24":{"start":{"line":41,"column":20},"end":{"line":41,"column":26}},"25":{"start":{"line":44,"column":12},"end":{"line":44,"column":28}},"26":{"start":{"line":45,"column":15},"end":{"line":69,"column":9}},"27":{"start":{"line":46,"column":25},"end":{"line":46,"column":54}},"28":{"start":{"line":47,"column":27},"end":{"line":47,"column":29}},"29":{"start":{"line":48,"column":12},"end":{"line":50,"column":13}},"30":{"start":{"line":49,"column":16},"end":{"line":49,"column":47}},"31":{"start":{"line":51,"column":12},"end":{"line":51,"column":28}},"32":{"start":{"line":53,"column":13},"end":{"line":69,"column":9}},"33":{"start":{"line":54,"column":31},"end":{"line":54,"column":60}},"34":{"start":{"line":55,"column":24},"end":{"line":55,"column":37}},"35":{"start":{"line":56,"column":26},"end":{"line":56,"column":39}},"36":{"start":{"line":57,"column":12},"end":{"line":59,"column":14}},"37":{"start":{"line":58,"column":23},"end":{"line":58,"column":57}},"38":{"start":{"line":61,"column":13},"end":{"line":69,"column":9}},"39":{"start":{"line":62,"column":12},"end":{"line":62,"column":23}},"40":{"start":{"line":63,"column":12},"end":{"line":65,"column":14}},"41":{"start":{"line":64,"column":23},"end":{"line":64,"column":51}},"42":{"start":{"line":68,"column":12},"end":{"line":68,"column":38}},"43":{"start":{"line":71,"column":8},"end":{"line":73,"column":9}},"44":{"start":{"line":72,"column":12},"end":{"line":72,"column":24}},"45":{"start":{"line":75,"column":4},"end":{"line":75,"column":18}},"46":{"start":{"line":78,"column":0},"end":{"line":83,"column":2}},"47":{"start":{"line":81,"column":8},"end":{"line":81,"column":37}}},"fnMap":{"0":{"name":"(anonymous_0)","decl":{"start":{"line":9,"column":12},"end":{"line":9,"column":13}},"loc":{"start":{"line":9,"column":57},"end":{"line":76,"column":1}},"line":9},"1":{"name":"(anonymous_1)","decl":{"start":{"line":18,"column":16},"end":{"line":18,"column":17}},"loc":{"start":{"line":18,"column":28},"end":{"line":18,"column":47}},"line":18},"2":{"name":"(anonymous_2)","decl":{"start":{"line":58,"column":16},"end":{"line":58,"column":17}},"loc":{"start":{"line":58,"column":23},"end":{"line":58,"column":57}},"line":58},"3":{"name":"(anonymous_3)","decl":{"start":{"line":64,"column":16},"end":{"line":64,"column":17}},"loc":{"start":{"line":64,"column":23},"end":{"line":64,"column":51}},"line":64},"4":{"name":"(anonymous_4)","decl":{"start":{"line":80,"column":16},"end":{"line":80,"column":17}},"loc":{"start":{"line":80,"column":35},"end":{"line":82,"column":5}},"line":80}},"branchMap":{"0":{"loc":{"start":{"line":9,"column":41},"end":{"line":9,"column":55}},"type":"default-arg","locations":[{"start":{"line":9,"column":51},"end":{"line":9,"column":55}}],"line":9},"1":{"loc":{"start":{"line":10,"column":4},"end":{"line":12,"column":5}},"type":"if","locations":[{"start":{"line":10,"column":4},"end":{"line":12,"column":5}},{"start":{"line":10,"column":4},"end":{"line":12,"column":5}}],"line":10},"2":{"loc":{"start":{"line":10,"column":8},"end":{"line":10,"column":29}},"type":"binary-expr","locations":[{"start":{"line":10,"column":8},"end":{"line":10,"column":15}},{"start":{"line":10,"column":19},"end":{"line":10,"column":29}}],"line":10},"3":{"loc":{"start":{"line":14,"column":4},"end":{"line":28,"column":5}},"type":"if","locations":[{"start":{"line":14,"column":4},"end":{"line":28,"column":5}},{"start":{"line":14,"column":4},"end":{"line":28,"column":5}}],"line":14},"4":{"loc":{"start":{"line":16,"column":8},"end":{"line":20,"column":9}},"type":"if","locations":[{"start":{"line":16,"column":8},"end":{"line":20,"column":9}},{"start":{"line":16,"column":8},"end":{"line":20,"column":9}}],"line":16},"5":{"loc":{"start":{"line":35,"column":8},"end":{"line":69,"column":9}},"type":"if","locations":[{"start":{"line":35,"column":8},"end":{"line":69,"column":9}},{"start":{"line":35,"column":8},"end":{"line":69,"column":9}}],"line":35},"6":{"loc":{"start":{"line":40,"column":16},"end":{"line":42,"column":17}},"type":"if","locations":[{"start":{"line":40,"column":16},"end":{"line":42,"column":17}},{"start":{"line":40,"column":16},"end":{"line":42,"column":17}}],"line":40},"7":{"loc":{"start":{"line":45,"column":15},"end":{"line":69,"column":9}},"type":"if","locations":[{"start":{"line":45,"column":15},"end":{"line":69,"column":9}},{"start":{"line":45,"column":15},"end":{"line":69,"column":9}}],"line":45},"8":{"loc":{"start":{"line":53,"column":13},"end":{"line":69,"column":9}},"type":"if","locations":[{"start":{"line":53,"column":13},"end":{"line":69,"column":9}},{"start":{"line":53,"column":13},"end":{"line":69,"column":9}}],"line":53},"9":{"loc":{"start":{"line":58,"column":23},"end":{"line":58,"column":57}},"type":"cond-expr","locations":[{"start":{"line":58,"column":29},"end":{"line":58,"column":44}},{"start":{"line":58,"column":47},"end":{"line":58,"column":57}}],"line":58},"10":{"loc":{"start":{"line":61,"column":13},"end":{"line":69,"column":9}},"type":"if","locations":[{"start":{"line":61,"column":13},"end":{"line":69,"column":9}},{"start":{"line":61,"column":13},"end":{"line":69,"column":9}}],"line":61},"11":{"loc":{"start":{"line":71,"column":8},"end":{"line":73,"column":9}},"type":"if","locations":[{"start":{"line":71,"column":8},"end":{"line":73,"column":9}},{"start":{"line":71,"column":8},"end":{"line":73,"column":9}}],"line":71},"12":{"loc":{"start":{"line":71,"column":12},"end":{"line":71,"column":49}},"type":"binary-expr","locations":[{"start":{"line":71,"column":12},"end":{"line":71,"column":26}},{"start":{"line":71,"column":30},"end":{"line":71,"column":49}}],"line":71}},"s":{"0":1,"1":1,"2":25,"3":1,"4":24,"5":2,"6":1,"7":2,"8":1,"9":1,"10":1,"11":1,"12":1,"13":22,"14":22,"15":22,"16":22,"17":35,"18":35,"19":1,"20":1,"21":1,"22":2,"23":2,"24":1,"25":1,"26":34,"27":2,"28":2,"29":2,"30":4,"31":2,"32":32,"33":3,"34":3,"35":3,"36":3,"37":6,"38":29,"39":2,"40":2,"41":4,"42":27,"43":35,"44":3,"45":19,"46":1,"47":1},"f":{"0":25,"1":2,"2":6,"3":4,"4":1},"b":{"0":[25],"1":[1,24],"2":[25,24],"3":[2,22],"4":[1,1],"5":[1,34],"6":[1,1],"7":[2,32],"8":[3,29],"9":[3,3],"10":[2,27],"11":[3,32],"12":[35,32]},"_coverageSchema":"1a1c01bbd47fc00a2c39e90264f33305004495a9","hash":"a7c1a6cc9887d38cff5f998ece5ae420536c6d4e"}
}
