TN:
SF:index.js
FN:11,(anonymous_0)
FN:20,(anonymous_1)
FN:59,(anonymous_2)
FN:64,(anonymous_3)
FN:91,(anonymous_4)
FN:94,(anonymous_5)
FNF:6
FNH:6
FNDA:41,(anonymous_0)
FNDA:2,(anonymous_1)
FNDA:6,(anonymous_2)
FNDA:8,(anonymous_3)
FNDA:2,(anonymous_4)
FNDA:1,(anonymous_5)
DA:1,1
DA:9,1
DA:11,1
DA:12,41
DA:13,1
DA:16,40
DA:18,2
DA:19,1
DA:20,2
DA:24,1
DA:25,1
DA:26,1
DA:27,1
DA:29,1
DA:32,38
DA:33,38
DA:34,38
DA:35,53
DA:37,53
DA:38,1
DA:39,1
DA:40,1
DA:41,2
DA:42,2
DA:43,1
DA:46,1
DA:47,52
DA:48,4
DA:49,4
DA:50,4
DA:51,8
DA:53,4
DA:54,48
DA:55,3
DA:56,3
DA:57,3
DA:58,3
DA:59,6
DA:61,45
DA:62,4
DA:63,4
DA:64,8
DA:68,41
DA:69,6
DA:70,6
DA:71,6
DA:72,6
DA:73,4
DA:76,6
DA:78,35
DA:82,53
DA:83,5
DA:86,33
DA:89,1
DA:92,2
DA:95,1
DA:99,1
DA:100,1
DA:103,1
DA:104,1
LF:60
LH:60
BRDA:11,0,0,14
BRDA:11,1,0,14
BRDA:12,2,0,1
BRDA:12,2,1,40
BRDA:12,3,0,41
BRDA:12,3,1,40
BRDA:16,4,0,2
BRDA:16,4,1,38
BRDA:18,5,0,1
BRDA:18,5,1,1
BRDA:37,6,0,1
BRDA:37,6,1,52
BRDA:42,7,0,1
BRDA:42,7,1,1
BRDA:47,8,0,4
BRDA:47,8,1,48
BRDA:54,9,0,3
BRDA:54,9,1,45
BRDA:59,10,0,3
BRDA:59,10,1,3
BRDA:61,11,0,4
BRDA:61,11,1,41
BRDA:68,12,0,6
BRDA:68,12,1,35
BRDA:72,13,0,4
BRDA:72,13,1,2
BRDA:82,14,0,5
BRDA:82,14,1,48
BRDA:82,15,0,53
BRDA:82,15,1,48
BRDA:99,16,0,1
BRDA:99,16,1,0
BRDA:103,17,0,1
BRDA:103,17,1,0
BRF:34
BRH:32
end_of_record
