TN:
SF:/home/oskang09/Documents/digdata/index.js
FN:12,(anonymous_0)
FN:21,(anonymous_1)
FN:44,(anonymous_2)
FN:58,(anonymous_3)
FN:68,(anonymous_4)
FN:85,(anonymous_5)
FN:90,(anonymous_6)
FN:106,(anonymous_7)
FNF:8
FNH:8
FNDA:36,(anonymous_0)
FNDA:2,(anonymous_1)
FNDA:2,(anonymous_2)
FNDA:4,(anonymous_3)
FNDA:2,(anonymous_4)
FNDA:6,(anonymous_5)
FNDA:4,(anonymous_6)
FNDA:1,(anonymous_7)
DA:1,1
DA:10,1
DA:12,1
DA:13,36
DA:14,1
DA:17,35
DA:19,2
DA:20,1
DA:21,2
DA:25,1
DA:26,1
DA:27,1
DA:28,1
DA:30,1
DA:33,33
DA:34,33
DA:35,33
DA:36,55
DA:38,55
DA:39,2
DA:40,2
DA:41,2
DA:43,2
DA:44,2
DA:50,2
DA:53,53
DA:54,4
DA:55,4
DA:56,4
DA:57,4
DA:58,4
DA:60,2
DA:63,49
DA:64,4
DA:65,4
DA:66,4
DA:67,4
DA:68,2
DA:70,2
DA:73,45
DA:74,2
DA:75,2
DA:76,2
DA:77,4
DA:79,2
DA:81,43
DA:82,3
DA:83,3
DA:84,3
DA:85,6
DA:87,40
DA:88,2
DA:89,2
DA:90,4
DA:94,38
DA:97,51
DA:98,2
DA:101,27
DA:104,1
DA:107,1
LF:60
LH:60
BRDA:12,0,0,36
BRDA:13,1,0,1
BRDA:13,1,1,35
BRDA:17,2,0,2
BRDA:17,2,1,33
BRDA:19,3,0,1
BRDA:19,3,1,1
BRDA:38,4,0,2
BRDA:38,4,1,53
BRDA:41,5,0,2
BRDA:45,6,0,0
BRDA:45,6,1,2
BRDA:53,7,0,4
BRDA:53,7,1,49
BRDA:57,8,0,2
BRDA:57,8,1,2
BRDA:58,9,0,2
BRDA:58,9,1,2
BRDA:60,10,0,1
BRDA:60,10,1,1
BRDA:63,11,0,4
BRDA:63,11,1,45
BRDA:67,12,0,2
BRDA:67,12,1,2
BRDA:68,13,0,1
BRDA:68,13,1,1
BRDA:70,14,0,1
BRDA:70,14,1,1
BRDA:73,15,0,2
BRDA:73,15,1,43
BRDA:81,16,0,3
BRDA:81,16,1,40
BRDA:85,17,0,3
BRDA:85,17,1,3
BRDA:87,18,0,2
BRDA:87,18,1,38
BRDA:97,19,0,2
BRDA:97,19,1,49
BRF:38
BRH:37
end_of_record
